0 info it worked if it ends with ok
1 verbose cli [ '/usr/bin/node', '/usr/bin/npm', 'run', 'deploy' ]
2 info using npm@3.5.2
3 info using node@v8.10.0
4 verbose run-script [ 'predeploy', 'deploy', 'postdeploy' ]
5 info lifecycle upstar_music@1.0.0~predeploy: upstar_music@1.0.0
6 silly lifecycle upstar_music@1.0.0~predeploy: no script for predeploy, continuing
7 info lifecycle upstar_music@1.0.0~deploy: upstar_music@1.0.0
8 verbose lifecycle upstar_music@1.0.0~deploy: unsafe-perm in lifecycle true
9 verbose lifecycle upstar_music@1.0.0~deploy: PATH: /usr/share/npm/bin/node-gyp-bin:/home/dawid/Desktop/udemy/webpack/4_deployment_static_sites/1_deployment_options/node_modules/.bin:/usr/local/sbin:/usr/local/bin:/usr/sbin:/usr/bin:/sbin:/bin:/usr/games:/usr/local/games:/snap/bin
10 verbose lifecycle upstar_music@1.0.0~deploy: CWD: /home/dawid/Desktop/udemy/webpack/4_deployment_static_sites/1_deployment_options
11 silly lifecycle upstar_music@1.0.0~deploy: Args: [ '-c',
11 silly lifecycle   'npm run build && https://github.com/DawidGaleziewski/github.io/webpack-udemy' ]
12 info lifecycle upstar_music@1.0.0~deploy: Failed to exec deploy script
13 verbose stack Error: upstar_music@1.0.0 deploy: `npm run build && https://github.com/DawidGaleziewski/github.io/webpack-udemy`
13 verbose stack spawn ENOENT
13 verbose stack     at ChildProcess.<anonymous> (/usr/share/npm/lib/utils/spawn.js:17:16)
13 verbose stack     at emitTwo (events.js:126:13)
13 verbose stack     at ChildProcess.emit (events.js:214:7)
13 verbose stack     at maybeClose (internal/child_process.js:925:16)
13 verbose stack     at Process.ChildProcess._handle.onexit (internal/child_process.js:209:5)
14 verbose pkgid upstar_music@1.0.0
15 verbose cwd /home/dawid/Desktop/udemy/webpack/4_deployment_static_sites/1_deployment_options
16 error Linux 5.0.0-32-generic
17 error argv "/usr/bin/node" "/usr/bin/npm" "run" "deploy"
18 error node v8.10.0
19 error npm  v3.5.2
20 error file sh
21 error code ELIFECYCLE
22 error errno ENOENT
23 error syscall spawn
24 error upstar_music@1.0.0 deploy: `npm run build && https://github.com/DawidGaleziewski/github.io/webpack-udemy`
24 error spawn ENOENT
25 error Failed at the upstar_music@1.0.0 deploy script 'npm run build && https://github.com/DawidGaleziewski/github.io/webpack-udemy'.
25 error Make sure you have the latest version of node.js and npm installed.
25 error If you do, this is most likely a problem with the upstar_music package,
25 error not with npm itself.
25 error Tell the author that this fails on your system:
25 error     npm run build && https://github.com/DawidGaleziewski/github.io/webpack-udemy
25 error You can get information on how to open an issue for this project with:
25 error     npm bugs upstar_music
25 error Or if that isn't available, you can get their info via:
25 error     npm owner ls upstar_music
25 error There is likely additional logging output above.
26 verbose exit [ 1, true ]
